<?xml version="1.0" encoding="UTF-8"?>
<testsuite xmlns:xsi="http://www.w3.org/2001/XMLSchema-instance" xsi:noNamespaceSchemaLocation="https://maven.apache.org/surefire/maven-surefire-plugin/xsd/surefire-test-report.xsd" name="com.dh.charter.service.AvionServiceTests" time="0.533" tests="3" errors="0" skipped="0" failures="0">
  <properties>
[...]
</properties>
  <testcase name="eliminarAvionTest" classname="com.dh.charter.service.AvionServiceTests" time="0.019"/>
  <testcase name="registrarAvionTest" classname="com.dh.charter.service.AvionServiceTests" time="0.004"/>
  <testcase name="traerTodos" classname="com.dh.charter.service.AvionServiceTests" time="0.003"/>
</testsuite>